{"D:\\Demo\\React\\ReactTesting\\testdemo\\src\\components\\home.component.js": {"path":"D:\\Demo\\React\\ReactTesting\\testdemo\\src\\components\\home.component.js","statementMap":{"0":{"start":{"line":3,"column":2},"end":{"line":7,"column":3}}},"fnMap":{"0":{"name":"HomeComponent","decl":{"start":{"line":1,"column":9},"end":{"line":1,"column":22}},"loc":{"start":{"line":2,"column":0},"end":{"line":8,"column":1}},"line":2}},"branchMap":{},"s":{"0":1},"f":{"0":1},"b":{},"_coverageSchema":"1a1c01bbd47fc00a2c39e90264f33305004495a9","hash":"7c0658b123ee37e2c0d6aa6013569de9b879d12b"}
}
